<?xml version="1.0" encoding="UTF-8"?>
<!-- Generated by org.testng.reporters.JUnitReportReporter -->
<testsuite hostname="Arunkumar" failures="0" tests="8" name="com.spotify.web.tests.SearchTests" time="139.367" errors="0" timestamp="2024-07-23T17:43:55 IST" skipped="0">
  <testcase classname="com.spotify.web.tests.SearchTests" name="searchedPlaylistsInResultsTest" time="16.361"/>
  <testcase classname="com.spotify.web.tests.SearchTests" name="searchedPlaylistsInResultsTest" time="11.453"/>
  <testcase classname="com.spotify.web.tests.SearchTests" name="searchedAlbumnInResultsTest" time="12.197"/>
  <testcase classname="com.spotify.web.tests.SearchTests" name="searchedTrackInResultsTest" time="11.006"/>
  <testcase classname="com.spotify.web.tests.SearchTests" name="searchedArtistInResultsTest" time="27.959"/>
  <testcase classname="com.spotify.web.tests.SearchTests" name="searchedTrackInResultsTest" time="12.000"/>
  <testcase classname="com.spotify.web.tests.SearchTests" name="searchedArtistInResultsTest" time="30.465"/>
  <testcase classname="com.spotify.web.tests.SearchTests" name="searchedAlbumnInResultsTest" time="17.926"/>
</testsuite> <!-- com.spotify.web.tests.SearchTests -->
