<?xml version="1.0" encoding="UTF-8"?>
<!-- Generated by org.testng.reporters.JUnitReportReporter -->
<testsuite hostname="Arunkumar" failures="0" tests="3" name="com.spotify.web.tests.LibraryTests" time="114.362" errors="0" timestamp="2024-07-23T17:43:55 IST" skipped="0">
  <testcase classname="com.spotify.web.tests.LibraryTests" name="changePlaylistNameinLibraryTest" time="51.462"/>
  <testcase classname="com.spotify.web.tests.LibraryTests" name="createNewPlaylistInLibraryTest" time="28.226"/>
  <testcase classname="com.spotify.web.tests.LibraryTests" name="deletePlaylistInLibraryTest" time="34.674"/>
</testsuite> <!-- com.spotify.web.tests.LibraryTests -->
