<?xml version="1.0" encoding="UTF-8"?>
<!-- Generated by org.testng.reporters.JUnitReportReporter -->
<testsuite hostname="Arunkumar" failures="0" tests="2" name="com.spotify.web.tests.AlbumTests" time="61.126" errors="0" timestamp="2024-07-21T00:31:08 IST" skipped="0">
  <testcase classname="com.spotify.web.tests.AlbumTests" name="addAlbumToLibraryTest" time="32.675"/>
  <testcase classname="com.spotify.web.tests.AlbumTests" name="RemoveAlbumFromLibraryTest" time="28.451"/>
</testsuite> <!-- com.spotify.web.tests.AlbumTests -->
