<?xml version="1.0" encoding="UTF-8"?>
<!-- Generated by org.testng.reporters.JUnitReportReporter -->
<testsuite hostname="Arunkumar" failures="0" tests="8" name="com.spotify.web.tests.SearchTests" time="128.100" errors="0" timestamp="2024-07-21T22:27:23 IST" skipped="0">
  <testcase classname="com.spotify.web.tests.SearchTests" name="searchedTrackInResultsTest" time="12.692"/>
  <testcase classname="com.spotify.web.tests.SearchTests" name="searchedPlaylistsInResultsTest" time="10.700"/>
  <testcase classname="com.spotify.web.tests.SearchTests" name="searchedAlbumnInResultsTest" time="17.756"/>
  <testcase classname="com.spotify.web.tests.SearchTests" name="searchedPlaylistsInResultsTest" time="14.467"/>
  <testcase classname="com.spotify.web.tests.SearchTests" name="searchedArtistInResultsTest" time="11.059"/>
  <testcase classname="com.spotify.web.tests.SearchTests" name="searchedTrackInResultsTest" time="31.774"/>
  <testcase classname="com.spotify.web.tests.SearchTests" name="searchedAlbumnInResultsTest" time="19.091"/>
  <testcase classname="com.spotify.web.tests.SearchTests" name="searchedArtistInResultsTest" time="10.561"/>
</testsuite> <!-- com.spotify.web.tests.SearchTests -->
