<?xml version="1.0" encoding="UTF-8"?>
<!-- Generated by org.testng.reporters.JUnitReportReporter -->
<testsuite hostname="Arunkumar" failures="0" tests="2" name="com.spotify.web.tests.SearchTests" time="26.347" errors="0" timestamp="2024-07-24T11:56:59 IST" skipped="0">
  <testcase classname="com.spotify.web.tests.SearchTests" name="searchedTrackInResultsTest" time="9.833"/>
  <testcase classname="com.spotify.web.tests.SearchTests" name="searchedTrackInResultsTest" time="16.514"/>
</testsuite> <!-- com.spotify.web.tests.SearchTests -->
