<?xml version="1.0" encoding="UTF-8"?>
<!-- Generated by org.testng.reporters.JUnitReportReporter -->
<testsuite hostname="Arunkumar" failures="0" tests="3" name="com.spotify.web.SearchTests" time="29.537" errors="0" timestamp="2024-07-16T18:46:51 IST" skipped="1">
  <testcase classname="com.spotify.web.SearchTests" name="searchedSongInResultsTest" time="16.647"/>
  <testcase classname="com.spotify.web.SearchTests" name="createPlaylist" time="12.890"/>
  <testcase classname="com.spotify.web.SearchTests" name="deletePlayList">
    <skipped/>
  </testcase> <!-- deletePlayList -->
</testsuite> <!-- com.spotify.web.SearchTests -->
