<?xml version="1.0" encoding="UTF-8"?>
<!-- Generated by org.testng.reporters.JUnitReportReporter -->
<testsuite hostname="Arunkumar" failures="0" tests="3" name="com.spotify.api.PlaylistTests" time="2.822" errors="0" timestamp="2024-08-08T23:56:10 IST" skipped="0">
  <testcase classname="com.spotify.api.PlaylistTests" name="addTracksToPlaylist" time="2.179"/>
  <testcase classname="com.spotify.api.PlaylistTests" name="updatePlaylistDetails" time="0.317"/>
  <testcase classname="com.spotify.api.PlaylistTests" name="createNewPlaylistTest" time="0.326"/>
</testsuite> <!-- com.spotify.api.PlaylistTests -->
