<?xml version="1.0" encoding="UTF-8"?>
<!-- Generated by org.testng.reporters.JUnitReportReporter -->
<testsuite hostname="Arunkumar" failures="0" tests="7" name="com.spotify.api.tests.PlaylistTests" time="5.343" errors="0" timestamp="2024-08-17T21:28:49 IST" skipped="0">
  <testcase classname="com.spotify.api.tests.PlaylistTests" name="addTracksToPlaylistTest" time="3.660"/>
  <testcase classname="com.spotify.api.tests.PlaylistTests" name="addTracksToPlaylistTest" time="0.295"/>
  <testcase classname="com.spotify.api.tests.PlaylistTests" name="removeTracksFromPlaylistTest" time="0.289"/>
  <testcase classname="com.spotify.api.tests.PlaylistTests" name="removeTracksFromPlaylistTest" time="0.304"/>
  <testcase classname="com.spotify.api.tests.PlaylistTests" name="addTracksToPlaylistTest" time="0.284"/>
  <testcase classname="com.spotify.api.tests.PlaylistTests" name="removeTracksFromPlaylistTest" time="0.273"/>
  <testcase classname="com.spotify.api.tests.PlaylistTests" name="changePlaylistDetailsTest" time="0.238"/>
</testsuite> <!-- com.spotify.api.tests.PlaylistTests -->
