<?xml version="1.0" encoding="UTF-8"?>
<!-- Generated by org.testng.reporters.JUnitReportReporter -->
<testsuite hostname="Arunkumar" failures="0" tests="4" name="com.spotify.web.tests.AlbumTests" time="91.255" errors="0" timestamp="2024-07-30T09:45:57 IST" skipped="0">
  <testcase classname="com.spotify.web.tests.AlbumTests" name="addAlbumToLibraryTest" time="23.613"/>
  <testcase classname="com.spotify.web.tests.AlbumTests" name="removeAlbumFromLibraryTest" time="19.711"/>
  <testcase classname="com.spotify.web.tests.AlbumTests" name="removeAlbumFromLibraryTest" time="19.240"/>
  <testcase classname="com.spotify.web.tests.AlbumTests" name="addAlbumToLibraryTest" time="28.691"/>
</testsuite> <!-- com.spotify.web.tests.AlbumTests -->
