<?xml version="1.0" encoding="UTF-8"?>
<!-- Generated by org.testng.reporters.JUnitReportReporter -->
<testsuite hostname="Arunkumar" failures="0" tests="4" name="com.spotify.api.tests.ArtistTests" time="4.350" errors="0" timestamp="2024-08-17T21:28:49 IST" skipped="0">
  <testcase classname="com.spotify.api.tests.ArtistTests" name="getMultipleArtistsTest" time="0.264"/>
  <testcase classname="com.spotify.api.tests.ArtistTests" name="getArtistTest" time="0.258"/>
  <testcase classname="com.spotify.api.tests.ArtistTests" name="getArtistTest" time="0.256"/>
  <testcase classname="com.spotify.api.tests.ArtistTests" name="getArtistTest" time="3.572"/>
</testsuite> <!-- com.spotify.api.tests.ArtistTests -->
