<?xml version="1.0" encoding="UTF-8"?>
<!-- Generated by org.testng.reporters.JUnitReportReporter -->
<testsuite hostname="Arunkumar" failures="0" tests="3" name="com.spotify.web.tests.SearchTests" time="45.473" errors="0" timestamp="2024-07-17T21:53:52 IST" skipped="1">
  <testcase classname="com.spotify.web.tests.SearchTests" name="searchedSongInResultsTest" time="22.070"/>
  <testcase classname="com.spotify.web.tests.SearchTests" name="searchedSongInResultsTest" time="23.403"/>
  <testcase classname="com.spotify.web.tests.SearchTests" name="searchPlaylistInResultsTest">
    <skipped/>
  </testcase> <!-- searchPlaylistInResultsTest -->
</testsuite> <!-- com.spotify.web.tests.SearchTests -->
