<?xml version="1.0" encoding="UTF-8"?>
<!-- Generated by org.testng.reporters.JUnitReportReporter -->
<testsuite hostname="Arunkumar" failures="0" tests="4" name="com.spotify.web.tests.AlbumTests" time="71.170" errors="0" timestamp="2024-07-26T02:05:41 IST" skipped="0">
  <testcase classname="com.spotify.web.tests.AlbumTests" name="removeAlbumFromLibraryTest" time="17.530"/>
  <testcase classname="com.spotify.web.tests.AlbumTests" name="addAlbumToLibraryTest" time="19.561"/>
  <testcase classname="com.spotify.web.tests.AlbumTests" name="addAlbumToLibraryTest" time="20.759"/>
  <testcase classname="com.spotify.web.tests.AlbumTests" name="removeAlbumFromLibraryTest" time="13.320"/>
</testsuite> <!-- com.spotify.web.tests.AlbumTests -->
