<?xml version="1.0" encoding="UTF-8"?>
<!-- Generated by org.testng.reporters.JUnitReportReporter -->
<testsuite hostname="Arunkumar" failures="0" tests="1" name="com.spotify.api.tests.PlaylistTests" time="4.363" errors="0" timestamp="2024-08-18T23:42:05 IST" skipped="0">
  <testcase classname="com.spotify.api.tests.PlaylistTests" name="changePlaylistDetailsTest" time="4.363"/>
</testsuite> <!-- com.spotify.api.tests.PlaylistTests -->
