<?xml version="1.0" encoding="UTF-8"?>
<!-- Generated by org.testng.reporters.JUnitReportReporter -->
<testsuite hostname="Arunkumar" failures="0" tests="4" name="com.spotify.web.tests.AlbumTests" time="66.581" errors="0" timestamp="2024-08-18T23:42:05 IST" skipped="0">
  <testcase classname="com.spotify.web.tests.AlbumTests" name="addAlbumToLibraryTest" time="14.213"/>
  <testcase classname="com.spotify.web.tests.AlbumTests" name="addAlbumToLibraryTest" time="22.562"/>
  <testcase classname="com.spotify.web.tests.AlbumTests" name="removeAlbumFromLibraryTest" time="15.891"/>
  <testcase classname="com.spotify.web.tests.AlbumTests" name="removeAlbumFromLibraryTest" time="13.915"/>
</testsuite> <!-- com.spotify.web.tests.AlbumTests -->
