<?xml version="1.0" encoding="UTF-8"?>
<!-- Generated by org.testng.reporters.JUnitReportReporter -->
<testsuite hostname="Arunkumar" failures="0" tests="1" name="com.spotify.web.tests.LibraryTests" time="30.415" errors="0" timestamp="2024-08-04T22:34:45 IST" skipped="0">
  <testcase classname="com.spotify.web.tests.LibraryTests" name="createNewPlaylistInLibraryTest" time="30.415"/>
</testsuite> <!-- com.spotify.web.tests.LibraryTests -->
