<?xml version="1.0" encoding="UTF-8"?>
<!-- Generated by org.testng.reporters.JUnitReportReporter -->
<testsuite hostname="Arunkumar" failures="0" tests="2" name="com.spotify.web.tests.SearchTests" time="25.797" errors="0" timestamp="2024-08-01T09:20:11 IST" skipped="0">
  <testcase classname="com.spotify.web.tests.SearchTests" name="verifyTrackIsDisplayedInSearchResults_WhenTrackIsSearched" time="12.961"/>
  <testcase classname="com.spotify.web.tests.SearchTests" name="verifyTrackIsDisplayedInSearchResults_WhenTrackIsSearched" time="12.836"/>
</testsuite> <!-- com.spotify.web.tests.SearchTests -->
