<?xml version="1.0" encoding="UTF-8"?>
<!-- Generated by org.testng.reporters.JUnitReportReporter -->
<testsuite hostname="Arunkumar" failures="0" tests="6" name="com.spotify.web.tests.SearchTests" time="40.975" errors="0" timestamp="2024-08-17T21:28:49 IST" skipped="2">
  <testcase classname="com.spotify.web.tests.SearchTests" name="verifyPlaylistIsDisplayedInSearchResults_WhenPlaylistIsSearched" time="9.400"/>
  <testcase classname="com.spotify.web.tests.SearchTests" name="verifyTrackIsDisplayedInSearchResults_WhenTrackIsSearched" time="10.058"/>
  <testcase classname="com.spotify.web.tests.SearchTests" name="verifyPlaylistIsDisplayedInSearchResults_WhenPlaylistIsSearched" time="10.439"/>
  <testcase classname="com.spotify.web.tests.SearchTests" name="verifyTrackIsDisplayedInSearchResults_WhenTrackIsSearched" time="11.078"/>
  <testcase classname="com.spotify.web.tests.SearchTests" name="verifyArtistIsDisplayedInSearchResults_WhenArtistIsSearched">
    <skipped/>
  </testcase> <!-- verifyArtistIsDisplayedInSearchResults_WhenArtistIsSearched -->
  <testcase classname="com.spotify.web.tests.SearchTests" name="verifyAlbumIsDisplayedInSearchResults_WhenAlbumIsSearched">
    <skipped/>
  </testcase> <!-- verifyAlbumIsDisplayedInSearchResults_WhenAlbumIsSearched -->
</testsuite> <!-- com.spotify.web.tests.SearchTests -->
