<?xml version="1.0" encoding="UTF-8"?>
<!-- Generated by org.testng.reporters.JUnitReportReporter -->
<testsuite hostname="Arunkumar" failures="0" tests="6" name="com.spotify.web.tests.SearchTests" time="48.905" errors="0" timestamp="2024-08-16T21:41:27 IST" skipped="2">
  <testcase classname="com.spotify.web.tests.SearchTests" name="verifyPlaylistIsDisplayedInSearchResults_WhenPlaylistIsSearched" time="10.078"/>
  <testcase classname="com.spotify.web.tests.SearchTests" name="verifyPlaylistIsDisplayedInSearchResults_WhenPlaylistIsSearched" time="17.649"/>
  <testcase classname="com.spotify.web.tests.SearchTests" name="verifyTrackIsDisplayedInSearchResults_WhenTrackIsSearched" time="10.181"/>
  <testcase classname="com.spotify.web.tests.SearchTests" name="verifyTrackIsDisplayedInSearchResults_WhenTrackIsSearched" time="10.997"/>
  <testcase classname="com.spotify.web.tests.SearchTests" name="verifyArtistIsDisplayedInSearchResults_WhenArtistIsSearched">
    <skipped/>
  </testcase> <!-- verifyArtistIsDisplayedInSearchResults_WhenArtistIsSearched -->
  <testcase classname="com.spotify.web.tests.SearchTests" name="verifyAlbumIsDisplayedInSearchResults_WhenAlbumIsSearched">
    <skipped/>
  </testcase> <!-- verifyAlbumIsDisplayedInSearchResults_WhenAlbumIsSearched -->
</testsuite> <!-- com.spotify.web.tests.SearchTests -->
