<?xml version="1.0" encoding="UTF-8"?>
<!-- Generated by org.testng.reporters.JUnitReportReporter -->
<testsuite hostname="Arunkumar" failures="0" tests="4" name="com.spotify.web.tests.SearchTests" time="25.910" errors="0" timestamp="2024-08-04T22:41:07 IST" skipped="2">
  <testcase classname="com.spotify.web.tests.SearchTests" name="verifyTrackIsDisplayedInSearchResults_WhenTrackIsSearched" time="13.720"/>
  <testcase classname="com.spotify.web.tests.SearchTests" name="verifyTrackIsDisplayedInSearchResults_WhenTrackIsSearched" time="12.190"/>
  <testcase classname="com.spotify.web.tests.SearchTests" name="verifyArtistIsDisplayedInSearchResults_WhenArtistIsSearched">
    <skipped/>
  </testcase> <!-- verifyArtistIsDisplayedInSearchResults_WhenArtistIsSearched -->
  <testcase classname="com.spotify.web.tests.SearchTests" name="verifyAlbumIsDisplayedInSearchResults_WhenAlbumIsSearched">
    <skipped/>
  </testcase> <!-- verifyAlbumIsDisplayedInSearchResults_WhenAlbumIsSearched -->
</testsuite> <!-- com.spotify.web.tests.SearchTests -->
