<?xml version="1.0" encoding="UTF-8"?>
<!-- Generated by org.testng.reporters.JUnitReportReporter -->
<testsuite hostname="Arunkumar" failures="0" tests="9" name="com.spotify.web.tests.SearchTests" time="95.896" errors="0" timestamp="2024-07-20T23:46:04 IST" skipped="0">
  <testcase classname="com.spotify.web.tests.SearchTests" name="searchedTrackInResultsTest" time="9.880"/>
  <testcase classname="com.spotify.web.tests.SearchTests" name="searchedAlbumnInResultsTest" time="11.322"/>
  <testcase classname="com.spotify.web.tests.SearchTests" name="searchedPlaylistsInResultsTest" time="10.826"/>
  <testcase classname="com.spotify.web.tests.SearchTests" name="searchedTrackInResultsTest" time="11.180"/>
  <testcase classname="com.spotify.web.tests.SearchTests" name="searchedPlaylistsInResultsTest" time="11.152"/>
  <testcase classname="com.spotify.web.tests.SearchTests" name="searchedArtistInResultsTest" time="9.926"/>
  <testcase classname="com.spotify.web.tests.SearchTests" name="searchedAlbumnInResultsTest" time="11.428"/>
  <testcase classname="com.spotify.web.tests.SearchTests" name="searchedAlbumnInResultsTest" time="9.928"/>
  <testcase classname="com.spotify.web.tests.SearchTests" name="searchedArtistInResultsTest" time="10.254"/>
</testsuite> <!-- com.spotify.web.tests.SearchTests -->
