<?xml version="1.0" encoding="UTF-8"?>
<!-- Generated by org.testng.reporters.JUnitReportReporter -->
<testsuite hostname="Arunkumar" failures="0" tests="1" name="com.spotify.web.tests.LibraryTests" time="16.952" errors="0" timestamp="2024-08-18T23:42:05 IST" skipped="0">
  <testcase classname="com.spotify.web.tests.LibraryTests" name="createNewPlaylistInLibraryTest" time="16.952"/>
</testsuite> <!-- com.spotify.web.tests.LibraryTests -->
