<?xml version="1.0" encoding="UTF-8"?>
<!-- Generated by org.testng.reporters.JUnitReportReporter -->
<testsuite hostname="Arunkumar" failures="0" tests="1" name="com.spotify.api.SearchTests" time="2.020" errors="0" timestamp="2024-08-09T09:43:15 IST" skipped="0">
  <testcase classname="com.spotify.api.SearchTests" name="searchSongsTest" time="2.020"/>
</testsuite> <!-- com.spotify.api.SearchTests -->
