<?xml version="1.0" encoding="UTF-8"?>
<!-- Generated by org.testng.reporters.JUnitReportReporter -->
<testsuite hostname="Arunkumar" failures="0" tests="1" name="com.spotify.web.tests.LibraryTests" time="20.653" errors="0" timestamp="2024-08-01T09:20:11 IST" skipped="0">
  <testcase classname="com.spotify.web.tests.LibraryTests" name="createNewPlaylistInLibraryTest" time="20.653"/>
</testsuite> <!-- com.spotify.web.tests.LibraryTests -->
