<?xml version="1.0" encoding="UTF-8"?>
<!-- Generated by org.testng.reporters.JUnitReportReporter -->
<testsuite hostname="Arunkumar" failures="0" tests="4" name="com.spotify.web.tests.GoogleTests" time="18.105" errors="0" timestamp="2024-07-20T02:41:40 IST" skipped="0">
  <testcase classname="com.spotify.web.tests.GoogleTests" name="Test1" time="3.564"/>
  <testcase classname="com.spotify.web.tests.GoogleTests" name="Test2" time="3.880"/>
  <testcase classname="com.spotify.web.tests.GoogleTests" name="Test3" time="4.597"/>
  <testcase classname="com.spotify.web.tests.GoogleTests" name="Test4" time="6.064"/>
</testsuite> <!-- com.spotify.web.tests.GoogleTests -->
