<?xml version="1.0" encoding="UTF-8"?>
<!-- Generated by org.testng.reporters.JUnitReportReporter -->
<testsuite hostname="Arunkumar" failures="0" tests="4" name="com.spotify.web.tests.PlaylistTests" time="62.738" errors="0" timestamp="2024-07-20T02:41:40 IST" skipped="0">
  <testcase classname="com.spotify.web.tests.PlaylistTests" name="createNewPlaylistTest" time="16.492"/>
  <testcase classname="com.spotify.web.tests.PlaylistTests" name="editPlaylistName" time="14.000"/>
  <testcase classname="com.spotify.web.tests.PlaylistTests" name="deletePlaylistTest" time="14.730"/>
  <testcase classname="com.spotify.web.tests.PlaylistTests" name="deletePlaylistTest" time="17.516"/>
</testsuite> <!-- com.spotify.web.tests.PlaylistTests -->
