<?xml version="1.0" encoding="UTF-8"?>
<!-- Generated by org.testng.reporters.JUnitReportReporter -->
<testsuite hostname="Arunkumar" failures="0" tests="4" name="com.spotify.web.tests.SearchTests" time="50.064" errors="0" timestamp="2024-07-20T02:55:52 IST" skipped="0">
  <testcase classname="com.spotify.web.tests.SearchTests" name="searchPlaylistInResultsTest" time="12.181"/>
  <testcase classname="com.spotify.web.tests.SearchTests" name="searchPlaylistInResultsTest" time="12.871"/>
  <testcase classname="com.spotify.web.tests.SearchTests" name="searchedSongInResultsTest" time="12.067"/>
  <testcase classname="com.spotify.web.tests.SearchTests" name="searchedSongInResultsTest" time="12.945"/>
</testsuite> <!-- com.spotify.web.tests.SearchTests -->
