<?xml version="1.0" encoding="UTF-8"?>
<!-- Generated by org.testng.reporters.JUnitReportReporter -->
<testsuite hostname="Arunkumar" failures="0" tests="4" name="com.spotify.api.tests.ArtistTests" time="4.138" errors="0" timestamp="2024-08-17T22:31:38 IST" skipped="0">
  <testcase classname="com.spotify.api.tests.ArtistTests" name="getArtistTest" time="0.266"/>
  <testcase classname="com.spotify.api.tests.ArtistTests" name="getArtistTest" time="3.407"/>
  <testcase classname="com.spotify.api.tests.ArtistTests" name="getArtistTest" time="0.224"/>
  <testcase classname="com.spotify.api.tests.ArtistTests" name="getMultipleArtistsTest" time="0.241"/>
</testsuite> <!-- com.spotify.api.tests.ArtistTests -->
