<?xml version="1.0" encoding="UTF-8"?>
<!-- Generated by org.testng.reporters.JUnitReportReporter -->
<testsuite hostname="Arunkumar" failures="0" tests="4" name="com.spotify.web.tests.SearchTests" time="37.604" errors="0" timestamp="2024-07-19T00:00:50 IST" skipped="2">
  <testcase classname="com.spotify.web.tests.SearchTests" name="searchedSongInResultsTest" time="18.449"/>
  <testcase classname="com.spotify.web.tests.SearchTests" name="searchedSongInResultsTest" time="19.155"/>
  <testcase classname="com.spotify.web.tests.SearchTests" name="dummyTest">
    <skipped/>
  </testcase> <!-- dummyTest -->
  <testcase classname="com.spotify.web.tests.SearchTests" name="searchPlaylistInResultsTest">
    <skipped/>
  </testcase> <!-- searchPlaylistInResultsTest -->
</testsuite> <!-- com.spotify.web.tests.SearchTests -->
