<?xml version="1.0" encoding="UTF-8"?>
<!-- Generated by org.testng.reporters.JUnitReportReporter -->
<testsuite hostname="Arunkumar" failures="0" tests="4" name="com.spotify.web.tests.PlaylistTests" time="102.923" errors="0" timestamp="2024-07-19T23:17:54 IST" skipped="0">
  <testcase classname="com.spotify.web.tests.PlaylistTests" name="createNewPlaylistTest" time="26.670"/>
  <testcase classname="com.spotify.web.tests.PlaylistTests" name="deletePlaylistTest" time="22.488"/>
  <testcase classname="com.spotify.web.tests.PlaylistTests" name="editPlaylistName" time="28.344"/>
  <testcase classname="com.spotify.web.tests.PlaylistTests" name="deletePlaylistTest" time="25.421"/>
</testsuite> <!-- com.spotify.web.tests.PlaylistTests -->
