<?xml version="1.0" encoding="UTF-8"?>
<!-- Generated by org.testng.reporters.JUnitReportReporter -->
<testsuite hostname="Arunkumar" failures="0" tests="3" name="com.spotify.web.tests.SearchTests" time="44.867" errors="0" timestamp="2024-07-19T02:09:06 IST" skipped="0">
  <testcase classname="com.spotify.web.tests.SearchTests" name="searchPlaylistInResultsTest" time="14.281"/>
  <testcase classname="com.spotify.web.tests.SearchTests" name="searchedSongInResultsTest" time="15.179"/>
  <testcase classname="com.spotify.web.tests.SearchTests" name="searchedSongInResultsTest" time="15.407"/>
</testsuite> <!-- com.spotify.web.tests.SearchTests -->
