<?xml version="1.0" encoding="UTF-8"?>
<!-- Generated by org.testng.reporters.JUnitReportReporter -->
<testsuite hostname="Arunkumar" failures="0" tests="4" name="com.spotify.web.tests.SearchTests" time="83.948" errors="0" timestamp="2024-07-19T23:17:54 IST" skipped="0">
  <testcase classname="com.spotify.web.tests.SearchTests" name="searchPlaylistInResultsTest" time="22.759"/>
  <testcase classname="com.spotify.web.tests.SearchTests" name="searchPlaylistInResultsTest" time="21.606"/>
  <testcase classname="com.spotify.web.tests.SearchTests" name="searchedSongInResultsTest" time="21.716"/>
  <testcase classname="com.spotify.web.tests.SearchTests" name="searchedSongInResultsTest" time="17.867"/>
</testsuite> <!-- com.spotify.web.tests.SearchTests -->
